빌드 시작: 2017-04-15 오후 6:21:50
     1>2 노드의 "E:\컴퓨터공학과 2017-1학기\데이터통신\과제\TeamChatAndTransfer\HW04\ChattingFile Transfer\ipc.vcxproj" 프로젝트(build 대상)입니다.
     1>InitializeBuildStatus:
         "AlwaysCreate"이(가) 지정되었기 때문에 ".\Debug\ipc.unsuccessfulbuild"을(를) 만들고 있습니다.
       ClCompile:
         모든 출력이 최신 상태입니다.
         c:\Program Files (x86)\Microsoft Visual Studio 10.0\VC\bin\CL.exe /c /ZI /nologo /W3 /WX- /Od /Oy- /D WIN32 /D _DEBUG /D _WINDOWS /D HAVE_REMOTE /D WPCAP /D _VC80_UPGRADE=0x0600 /D _MBCS /D _AFXDLL /Gm /EHsc /RTC1 /MDd /GS /Gy- /fp:precise /Zc:wchar_t /Zc:forScope /Yu"stdafx.h" /Fp".\Debug\ipc.pch" /Fo".\Debug\\" /Fd".\Debug\vc100.pdb" /Gd /TP /analyze- /errorReport:prompt FileAppLayer.cpp
         FileAppLayer.cpp
     1>e:\컴퓨터공학과 2017-1학기\데이터통신\과제\teamchatandtransfer\hw04\chattingfile transfer\fileapplayer.cpp(127): warning C4244: '=' : 'float'에서 'int'(으)로 변환하면서 데이터가 손실될 수 있습니다.
     1>e:\컴퓨터공학과 2017-1학기\데이터통신\과제\teamchatandtransfer\hw04\chattingfile transfer\fileapplayer.cpp(294): warning C4244: '인수' : 'unsigned long'에서 'unsigned short'(으)로 변환하면서 데이터가 손실될 수 있습니다.
     1>e:\컴퓨터공학과 2017-1학기\데이터통신\과제\teamchatandtransfer\hw04\chattingfile transfer\fileapplayer.cpp(304): warning C4244: '=' : 'float'에서 'int'(으)로 변환하면서 데이터가 손실될 수 있습니다.
       ResourceCompile:
         모든 출력이 최신 상태입니다.
       ManifestResourceCompile:
         모든 출력이 최신 상태입니다.
       Link:
         c:\Program Files (x86)\Microsoft Visual Studio 10.0\VC\bin\link.exe /ERRORREPORT:PROMPT /OUT:".\Debug\ipc.exe" /INCREMENTAL /NOLOGO wpcap.lib packet.lib /MANIFEST /ManifestFile:".\Debug\ipc.exe.intermediate.manifest" /MANIFESTUAC:"level='asInvoker' uiAccess='false'" /DEBUG /PDB:"E:\컴퓨터공학과 2017-1학기\데이터통신\과제\TeamChatAndTransfer\HW04\ChattingFile Transfer\Debug\ipc.pdb" /SUBSYSTEM:WINDOWS /TLBID:1 /DYNAMICBASE /NXCOMPAT /IMPLIB:".\Debug\ipc.lib" /MACHINE:X86 .\Debug\ipc.res
         .\Debug\ipc.exe.embed.manifest.res
         .\Debug\BaseLayer.obj
         .\Debug\ChatAppLayer.obj
         .\Debug\EthernetLayer.obj
         .\Debug\FileAppLayer.obj
         .\Debug\ipc.obj
         .\Debug\IPCAppDlg.obj
         .\Debug\IPLayer.obj
         .\Debug\LayerManager.obj
         .\Debug\NILayer.obj
         .\Debug\StdAfx.obj
         .\Debug\TCPLayer.obj
       Manifest:
         c:\Program Files (x86)\Microsoft SDKs\Windows\v7.0A\bin\mt.exe /nologo /verbose /out:".\Debug\ipc.exe.embed.manifest" /manifest .\Debug\ipc.exe.intermediate.manifest "c:\Program Files (x86)\Microsoft Visual Studio 10.0\VC\Include\Manifest\dpiaware.manifest"
         모든 출력이 최신 상태입니다.
       LinkEmbedManifest:
         모든 출력이 최신 상태입니다.
         ipc.vcxproj -> E:\컴퓨터공학과 2017-1학기\데이터통신\과제\TeamChatAndTransfer\HW04\ChattingFile Transfer\.\Debug\ipc.exe
       FinalizeBuildStatus:
         ".\Debug\ipc.unsuccessfulbuild" 파일을 삭제하고 있습니다.
         ".\Debug\ipc.lastbuildstate"에 연결(touching)하고 있습니다.
     1>"E:\컴퓨터공학과 2017-1학기\데이터통신\과제\TeamChatAndTransfer\HW04\ChattingFile Transfer\ipc.vcxproj" 프로젝트를 빌드했습니다(build 대상).

빌드했습니다.

경과 시간: 00:00:04.42
